0 info it worked if it ends with ok
1 verbose cli [ '/Users/matthew.spence/.nvm/versions/node/v5.0.0/bin/node',
1 verbose cli   '/Users/matthew.spence/.nvm/versions/node/v5.0.0/bin/npm',
1 verbose cli   'run',
1 verbose cli   'ci' ]
2 info using npm@3.3.6
3 info using node@v5.0.0
4 verbose run-script [ 'preci', 'ci', 'postci' ]
5 info lifecycle build-tools-demo@0.0.1~preci: build-tools-demo@0.0.1
6 silly lifecycle build-tools-demo@0.0.1~preci: no script for preci, continuing
7 info lifecycle build-tools-demo@0.0.1~ci: build-tools-demo@0.0.1
8 verbose lifecycle build-tools-demo@0.0.1~ci: unsafe-perm in lifecycle true
9 verbose lifecycle build-tools-demo@0.0.1~ci: PATH: /Users/matthew.spence/.nvm/versions/node/v5.0.0/lib/node_modules/npm/bin/node-gyp-bin:/Users/matthew.spence/Projects/build-tools/node_modules/.bin:/Users/matthew.spence/.avn/bin:/Users/matthew.spence/.nvm/versions/node/v5.0.0/bin:/Users/matthew.spence/.rvm/gems/ruby-2.2.3/bin:/Users/matthew.spence/.rvm/gems/ruby-2.2.3@global/bin:/Users/matthew.spence/.rvm/rubies/ruby-2.2.3/bin:/usr/bin:/bin:/usr/sbin:/sbin:/usr/local/bin:/Users/matthew.spence/.rvm/bin
10 verbose lifecycle build-tools-demo@0.0.1~ci: CWD: /Users/matthew.spence/Projects/build-tools
11 silly lifecycle build-tools-demo@0.0.1~ci: Args: [ '-c', 'npm-run-all test:mocha' ]
12 silly lifecycle build-tools-demo@0.0.1~ci: Returned: code: 1  signal: null
13 info lifecycle build-tools-demo@0.0.1~ci: Failed to exec ci script
14 verbose stack Error: build-tools-demo@0.0.1 ci: `npm-run-all test:mocha`
14 verbose stack Exit status 1
14 verbose stack     at EventEmitter.<anonymous> (/Users/matthew.spence/.nvm/versions/node/v5.0.0/lib/node_modules/npm/lib/utils/lifecycle.js:233:16)
14 verbose stack     at emitTwo (events.js:87:13)
14 verbose stack     at EventEmitter.emit (events.js:172:7)
14 verbose stack     at ChildProcess.<anonymous> (/Users/matthew.spence/.nvm/versions/node/v5.0.0/lib/node_modules/npm/lib/utils/spawn.js:24:14)
14 verbose stack     at emitTwo (events.js:87:13)
14 verbose stack     at ChildProcess.emit (events.js:172:7)
14 verbose stack     at maybeClose (internal/child_process.js:818:16)
14 verbose stack     at Process.ChildProcess._handle.onexit (internal/child_process.js:211:5)
15 verbose pkgid build-tools-demo@0.0.1
16 verbose cwd /Users/matthew.spence/Projects/build-tools
17 error Darwin 15.2.0
18 error argv "/Users/matthew.spence/.nvm/versions/node/v5.0.0/bin/node" "/Users/matthew.spence/.nvm/versions/node/v5.0.0/bin/npm" "run" "ci"
19 error node v5.0.0
20 error npm  v3.3.6
21 error code ELIFECYCLE
22 error build-tools-demo@0.0.1 ci: `npm-run-all test:mocha`
22 error Exit status 1
23 error Failed at the build-tools-demo@0.0.1 ci script 'npm-run-all test:mocha'.
23 error This is most likely a problem with the build-tools-demo package,
23 error not with npm itself.
23 error Tell the author that this fails on your system:
23 error     npm-run-all test:mocha
23 error You can get their info via:
23 error     npm owner ls build-tools-demo
23 error There is likely additional logging output above.
24 verbose exit [ 1, true ]
